This file contains any messages produced by compilers while
running configure, to aid debugging if configure makes a mistake.

It was created by HTSlib configure 1.3.2, which was
generated by GNU Autoconf 2.69.  Invocation command line was

  $ ./configure --disable-libcurl

## --------- ##
## Platform. ##
## --------- ##

hostname = ip-172-31-14-177
uname -m = x86_64
uname -r = 4.14.33-51.37.amzn1.x86_64
uname -s = Linux
uname -v = #1 SMP Thu May 3 20:07:43 UTC 2018

/usr/bin/uname -p = unknown
/bin/uname -X     = unknown

/bin/arch              = x86_64
/usr/bin/arch -k       = unknown
/usr/convex/getsysinfo = unknown
/usr/bin/hostinfo      = unknown
/bin/machine           = unknown
/usr/bin/oslevel       = unknown
/bin/universe          = unknown

PATH: /usr/local/bin
PATH: /bin
PATH: /usr/bin
PATH: /usr/local/sbin
PATH: /usr/sbin
PATH: /sbin
PATH: /opt/aws/bin
PATH: /home/ec2-user/.local/bin
PATH: /home/ec2-user/bin


## ----------- ##
## Core tests. ##
## ----------- ##

configure:2142: checking for gcc
configure:2158: found /usr/bin/gcc
configure:2169: result: gcc
configure:2398: checking for C compiler version
configure:2407: gcc --version >&5
gcc (GCC) 7.2.1 20170915 (Red Hat 7.2.1-2)
Copyright (C) 2017 Free Software Foundation, Inc.
This is free software; see the source for copying conditions.  There is NO
warranty; not even for MERCHANTABILITY or FITNESS FOR A PARTICULAR PURPOSE.

configure:2418: $? = 0
configure:2407: gcc -v >&5
Using built-in specs.
COLLECT_GCC=gcc
COLLECT_LTO_WRAPPER=/usr/libexec/gcc/x86_64-amazon-linux/7/lto-wrapper
Target: x86_64-amazon-linux
Configured with: ../configure --enable-bootstrap --enable-languages=c,c++,lto --prefix=/usr --mandir=/usr/share/man --infodir=/usr/share/info --with-bugurl=http://bugzilla.redhat.com/bugzilla --enable-shared --enable-threads=posix --enable-checking=release --disable-multilib --with-system-zlib --enable-__cxa_atexit --disable-libunwind-exceptions --enable-gnu-unique-object --enable-linker-build-id --with-gcc-major-version-only --with-linker-hash-style=gnu --enable-plugin --enable-initfini-array --with-default-libstdcxx-abi=gcc4-compatible --without-isl --disable-libmpx --disable-libsanitizer --enable-gnu-indirect-function --disable-libcilkrts --disable-libatomic --disable-libquadmath --disable-libquadmath-suport --disable-libitm --disable-libgomp --with-tune=generic --with-arch_32=x86-64 --build=x86_64-amazon-linux
Thread model: posix
gcc version 7.2.1 20170915 (Red Hat 7.2.1-2) (GCC) 
configure:2418: $? = 0
configure:2407: gcc -V >&5
gcc: error: unrecognized command line option '-V'
gcc: fatal error: no input files
compilation terminated.
configure:2418: $? = 1
configure:2407: gcc -qversion >&5
gcc: error: unrecognized command line option '-qversion'; did you mean '--version'?
gcc: fatal error: no input files
compilation terminated.
configure:2418: $? = 1
configure:2438: checking whether the C compiler works
configure:2460: gcc    conftest.c  >&5
configure:2464: $? = 0
configure:2512: result: yes
configure:2515: checking for C compiler default output file name
configure:2517: result: a.out
configure:2523: checking for suffix of executables
configure:2530: gcc -o conftest    conftest.c  >&5
configure:2534: $? = 0
configure:2556: result: 
configure:2578: checking whether we are cross compiling
configure:2586: gcc -o conftest    conftest.c  >&5
configure:2590: $? = 0
configure:2597: ./conftest
configure:2601: $? = 0
configure:2616: result: no
configure:2621: checking for suffix of object files
configure:2643: gcc -c   conftest.c >&5
configure:2647: $? = 0
configure:2668: result: o
configure:2672: checking whether we are using the GNU C compiler
configure:2691: gcc -c   conftest.c >&5
configure:2691: $? = 0
configure:2700: result: yes
configure:2709: checking whether gcc accepts -g
configure:2729: gcc -c -g  conftest.c >&5
configure:2729: $? = 0
configure:2770: result: yes
configure:2787: checking for gcc option to accept ISO C89
configure:2850: gcc  -c -g -O2  conftest.c >&5
configure:2850: $? = 0
configure:2863: result: none needed
configure:2926: checking for ranlib
configure:2942: found /usr/bin/ranlib
configure:2953: result: ranlib
configure:2984: checking for special C compiler options needed for large files
configure:3029: result: no
configure:3035: checking for _FILE_OFFSET_BITS value needed for large files
configure:3060: gcc -c -g -O2  conftest.c >&5
configure:3060: $? = 0
configure:3092: result: no
configure:3232: checking shared library type
configure:3252: result: plain .so
configure:3261: checking how to run the C preprocessor
configure:3292: gcc -E  conftest.c
configure:3292: $? = 0
configure:3306: gcc -E  conftest.c
conftest.c:9:10: fatal error: ac_nonexistent.h: No such file or directory
 #include <ac_nonexistent.h>
          ^~~~~~~~~~~~~~~~~~
compilation terminated.
configure:3306: $? = 1
configure: failed program was:
| /* confdefs.h */
| #define PACKAGE_NAME "HTSlib"
| #define PACKAGE_TARNAME "htslib"
| #define PACKAGE_VERSION "1.3.2"
| #define PACKAGE_STRING "HTSlib 1.3.2"
| #define PACKAGE_BUGREPORT "samtools-help@lists.sourceforge.net"
| #define PACKAGE_URL "http://www.htslib.org/"
| /* end confdefs.h.  */
| #include <ac_nonexistent.h>
configure:3331: result: gcc -E
configure:3351: gcc -E  conftest.c
configure:3351: $? = 0
configure:3365: gcc -E  conftest.c
conftest.c:9:10: fatal error: ac_nonexistent.h: No such file or directory
 #include <ac_nonexistent.h>
          ^~~~~~~~~~~~~~~~~~
compilation terminated.
configure:3365: $? = 1
configure: failed program was:
| /* confdefs.h */
| #define PACKAGE_NAME "HTSlib"
| #define PACKAGE_TARNAME "htslib"
| #define PACKAGE_VERSION "1.3.2"
| #define PACKAGE_STRING "HTSlib 1.3.2"
| #define PACKAGE_BUGREPORT "samtools-help@lists.sourceforge.net"
| #define PACKAGE_URL "http://www.htslib.org/"
| /* end confdefs.h.  */
| #include <ac_nonexistent.h>
configure:3394: checking for grep that handles long lines and -e
configure:3452: result: /bin/grep
configure:3457: checking for egrep
configure:3519: result: /bin/grep -E
configure:3524: checking for ANSI C header files
configure:3544: gcc -c -g -O2  conftest.c >&5
configure:3544: $? = 0
configure:3617: gcc -o conftest -g -O2   conftest.c  >&5
configure:3617: $? = 0
configure:3617: ./conftest
configure:3617: $? = 0
configure:3628: result: yes
configure:3641: checking for sys/types.h
configure:3641: gcc -c -g -O2  conftest.c >&5
configure:3641: $? = 0
configure:3641: result: yes
configure:3641: checking for sys/stat.h
configure:3641: gcc -c -g -O2  conftest.c >&5
configure:3641: $? = 0
configure:3641: result: yes
configure:3641: checking for stdlib.h
configure:3641: gcc -c -g -O2  conftest.c >&5
configure:3641: $? = 0
configure:3641: result: yes
configure:3641: checking for string.h
configure:3641: gcc -c -g -O2  conftest.c >&5
configure:3641: $? = 0
configure:3641: result: yes
configure:3641: checking for memory.h
configure:3641: gcc -c -g -O2  conftest.c >&5
configure:3641: $? = 0
configure:3641: result: yes
configure:3641: checking for strings.h
configure:3641: gcc -c -g -O2  conftest.c >&5
configure:3641: $? = 0
configure:3641: result: yes
configure:3641: checking for inttypes.h
configure:3641: gcc -c -g -O2  conftest.c >&5
configure:3641: $? = 0
configure:3641: result: yes
configure:3641: checking for stdint.h
configure:3641: gcc -c -g -O2  conftest.c >&5
configure:3641: $? = 0
configure:3641: result: yes
configure:3641: checking for unistd.h
configure:3641: gcc -c -g -O2  conftest.c >&5
configure:3641: $? = 0
configure:3641: result: yes
configure:3659: checking for stdlib.h
configure:3659: result: yes
configure:3659: checking for unistd.h
configure:3659: result: yes
configure:3659: checking for sys/param.h
configure:3659: gcc -c -g -O2  conftest.c >&5
configure:3659: $? = 0
configure:3659: result: yes
configure:3679: checking for getpagesize
configure:3679: gcc -o conftest -g -O2   conftest.c  >&5
configure:3679: $? = 0
configure:3679: result: yes
configure:3688: checking for working mmap
configure:3835: gcc -o conftest -g -O2   conftest.c  >&5
configure:3835: $? = 0
configure:3835: ./conftest
configure:3835: $? = 0
configure:3845: result: yes
configure:3856: checking for gmtime_r
configure:3856: gcc -o conftest -g -O2   conftest.c  >&5
configure:3856: $? = 0
configure:3856: result: yes
configure:3868: checking whether fdatasync is declared
configure:3868: gcc -c -g -O2  conftest.c >&5
configure:3868: $? = 0
configure:3868: result: yes
configure:3872: checking for fdatasync
configure:3872: gcc -o conftest -g -O2   conftest.c  >&5
configure:3872: $? = 0
configure:3872: result: yes
configure:3961: checking for zlib.h
configure:3961: gcc -c -g -O2  conftest.c >&5
configure:3961: $? = 0
configure:3961: result: yes
configure:3970: checking for inflate in -lz
configure:3995: gcc -o conftest -g -O2   conftest.c -lz   >&5
configure:3995: $? = 0
configure:4004: result: yes
configure:4227: checking for SSL_library_init in -lssl
configure:4252: gcc -o conftest -g -O2   conftest.c -lssl   >&5
configure:4252: $? = 0
configure:4261: result: yes
configure:4392: creating ./config.status

## ---------------------- ##
## Running config.status. ##
## ---------------------- ##

This file was extended by HTSlib config.status 1.3.2, which was
generated by GNU Autoconf 2.69.  Invocation command line was

  CONFIG_FILES    = 
  CONFIG_HEADERS  = 
  CONFIG_LINKS    = 
  CONFIG_COMMANDS = 
  $ ./config.status 

on ip-172-31-14-177

config.status:817: creating config.mk
config.status:817: creating deps.mk
config.status:817: creating config.h
config.status:987: config.h is unchanged

## ---------------- ##
## Cache variables. ##
## ---------------- ##

ac_cv_c_compiler_gnu=yes
ac_cv_env_CC_set=
ac_cv_env_CC_value=
ac_cv_env_CFLAGS_set=
ac_cv_env_CFLAGS_value=
ac_cv_env_CPPFLAGS_set=
ac_cv_env_CPPFLAGS_value=
ac_cv_env_CPP_set=
ac_cv_env_CPP_value=
ac_cv_env_LDFLAGS_set=
ac_cv_env_LDFLAGS_value=
ac_cv_env_LIBS_set=
ac_cv_env_LIBS_value=
ac_cv_env_build_alias_set=
ac_cv_env_build_alias_value=
ac_cv_env_host_alias_set=
ac_cv_env_host_alias_value=
ac_cv_env_target_alias_set=
ac_cv_env_target_alias_value=
ac_cv_func_fdatasync=yes
ac_cv_func_getpagesize=yes
ac_cv_func_gmtime_r=yes
ac_cv_func_mmap_fixed_mapped=yes
ac_cv_have_decl_fdatasync_int_=yes
ac_cv_header_inttypes_h=yes
ac_cv_header_memory_h=yes
ac_cv_header_stdc=yes
ac_cv_header_stdint_h=yes
ac_cv_header_stdlib_h=yes
ac_cv_header_string_h=yes
ac_cv_header_strings_h=yes
ac_cv_header_sys_param_h=yes
ac_cv_header_sys_stat_h=yes
ac_cv_header_sys_types_h=yes
ac_cv_header_unistd_h=yes
ac_cv_header_zlib_h=yes
ac_cv_lib_ssl_SSL_library_init=yes
ac_cv_lib_z_inflate=yes
ac_cv_objext=o
ac_cv_path_EGREP='/bin/grep -E'
ac_cv_path_GREP=/bin/grep
ac_cv_prog_CPP='gcc -E'
ac_cv_prog_ac_ct_CC=gcc
ac_cv_prog_ac_ct_RANLIB=ranlib
ac_cv_prog_cc_c89=
ac_cv_prog_cc_g=yes
ac_cv_sys_file_offset_bits=no
ac_cv_sys_largefile_CC=no

## ----------------- ##
## Output variables. ##
## ----------------- ##

CC='gcc'
CFLAGS='-g -O2'
CPP='gcc -E'
CPPFLAGS=''
CRYPTO_LIBS=''
DEFS='-DHAVE_CONFIG_H'
ECHO_C=''
ECHO_N='-n'
ECHO_T=''
EGREP='/bin/grep -E'
EXEEXT=''
GREP='/bin/grep'
LDFLAGS=''
LIBOBJS=''
LIBS=''
LTLIBOBJS=''
OBJEXT='o'
PACKAGE_BUGREPORT='samtools-help@lists.sourceforge.net'
PACKAGE_NAME='HTSlib'
PACKAGE_STRING='HTSlib 1.3.2'
PACKAGE_TARNAME='htslib'
PACKAGE_URL='http://www.htslib.org/'
PACKAGE_VERSION='1.3.2'
PATH_SEPARATOR=':'
PLATFORM='default'
PLUGIN_EXT='.so'
RANLIB='ranlib'
SHELL='/bin/sh'
ac_ct_CC='gcc'
bindir='${exec_prefix}/bin'
build_alias=''
datadir='${datarootdir}'
datarootdir='${prefix}/share'
docdir='${datarootdir}/doc/${PACKAGE_TARNAME}'
dvidir='${docdir}'
enable_plugins='no'
exec_prefix='${prefix}'
host_alias='unknown-Linux'
htmldir='${docdir}'
includedir='${prefix}/include'
infodir='${datarootdir}/info'
libcurl='disabled'
libdir='${exec_prefix}/lib'
libexecdir='${exec_prefix}/libexec'
localedir='${datarootdir}/locale'
localstatedir='${prefix}/var'
mandir='${datarootdir}/man'
oldincludedir='/usr/include'
openssl='enabled'
pdfdir='${docdir}'
plugindir='$(libexecdir)/htslib'
pluginpath='$(libexecdir)/htslib'
prefix='/usr/local'
program_transform_name='s,x,x,'
psdir='${docdir}'
sbindir='${exec_prefix}/sbin'
sharedstatedir='${prefix}/com'
sysconfdir='${prefix}/etc'
target_alias=''

## ----------- ##
## confdefs.h. ##
## ----------- ##

/* confdefs.h */
#define PACKAGE_NAME "HTSlib"
#define PACKAGE_TARNAME "htslib"
#define PACKAGE_VERSION "1.3.2"
#define PACKAGE_STRING "HTSlib 1.3.2"
#define PACKAGE_BUGREPORT "samtools-help@lists.sourceforge.net"
#define PACKAGE_URL "http://www.htslib.org/"
#define STDC_HEADERS 1
#define HAVE_SYS_TYPES_H 1
#define HAVE_SYS_STAT_H 1
#define HAVE_STDLIB_H 1
#define HAVE_STRING_H 1
#define HAVE_MEMORY_H 1
#define HAVE_STRINGS_H 1
#define HAVE_INTTYPES_H 1
#define HAVE_STDINT_H 1
#define HAVE_UNISTD_H 1
#define HAVE_STDLIB_H 1
#define HAVE_UNISTD_H 1
#define HAVE_SYS_PARAM_H 1
#define HAVE_GETPAGESIZE 1
#define HAVE_MMAP 1
#define HAVE_GMTIME_R 1
#define HAVE_FDATASYNC 1
#define HAVE_LIBZ 1
#define USE_CRYPTO 1

configure: exit 0
